\BOOKMARK [0][-]{chapter*.2}{\376\377\000L\036\335\000i\000\040\000g\000i\036\333\000i\000\040\000t\000h\000i\036\307\000u}{}% 1
\BOOKMARK [0][-]{chapter*.3}{\376\377\000K\000i\036\303\000m\000\040\000t\000h\036\355\000\040\001\021\001\241\000n\000\040\000v\036\313}{}% 2
\BOOKMARK [1][-]{section.-1.1}{\376\377\000C\000h\036\357\000\040\000N\000\364\000m}{chapter*.3}% 3
\BOOKMARK [0][-]{chapter.0}{\376\377\000K\000i\036\277\000n\000\040\000t\000h\036\351\000c\000\040\000t\000o\000\341\000n\000\040\000h\036\315\000c\000\040\000n\036\301\000n\000\040\000t\036\243\000n\000g}{}% 4
\BOOKMARK [1][-]{section.0.1}{\376\377\001\020\036\323\000\040\000t\000h\036\313}{chapter.0}% 5
\BOOKMARK [2][-]{subsection.0.1.1}{\376\377\000T\000r\036\345\000c\000\040\000s\036\321\000\040\000m\036\331\000t\000\040\000c\000h\000i\036\301\000u}{section.0.1}% 6
\BOOKMARK [2][-]{subsection.0.1.2}{\376\377\000M\036\267\000t\000\040\000p\000h\036\263\000n\000g\000\040\000h\000a\000i\000\040\000c\000h\000i\036\301\000u\000\040\000v\000\340\000\040\000h\036\307\000\040\000t\036\315\000a\000\040\001\021\036\331\000\040\000v\000u\000\364\000n\000g\000\040\000g\000\363\000c}{section.0.1}% 7
\BOOKMARK [2][-]{subsection.0.1.3}{\376\377\000K\000h\000\364\000n\000g\000\040\000g\000i\000a\000n\000\040\000b\000a\000\040\000c\000h\000i\036\301\000u\000\040\000v\000\340\000\040\000h\001\260\036\333\000n\000g\000\040\000t\000a\000m\000\040\000d\000i\036\307\000n}{section.0.1}% 8
\BOOKMARK [1][-]{section.0.2}{\376\377\000H\000\340\000m\000\040\000s\036\321\000\040\001\021\036\241\000i\000\040\000s\036\321\000\040\000m\036\331\000t\000\040\000b\000i\036\277\000n\000\040\000v\000\340\000\040\000c\000\341\000c\000\040\000p\000h\000\351\000p\000\040\000b\000i\036\277\000n\000\040\001\021\036\325\000i\000\040\000t\000r\000\352\000n\000\040\000h\000\340\000m}{chapter.0}% 9
\BOOKMARK [2][-]{subsection.0.2.1}{\376\377\001\020\036\313\000n\000h\000\040\000n\000g\000h\001\051\000a\000\040\000h\000\340\000m\000\040\000s\036\321\000,\000\040\000p\000h\001\260\001\241\000n\000g\000\040\000t\000r\000\354\000n\000h\000,\000\040\000b\036\245\000t\000\040\000p\000h\001\260\001\241\000n\000g\000\040\000t\000r\000\354\000n\000h\000\040\000v\000\340\000\040\000h\036\307}{section.0.2}% 10
\BOOKMARK [2][-]{subsection.0.2.2}{\376\377\000K\000\355\000\040\000h\000i\036\307\000u\000\040\000t\036\325\000n\000g\000\040\000v\000\340\000\040\000t\000\355\000c\000h\000\040\000c\036\347\000a\000\040\000n\000h\000i\036\301\000u\000\040\000s\036\321}{section.0.2}% 11
\BOOKMARK [2][-]{subsection.0.2.3}{\376\377\000H\000\340\000m\000\040\001\021\000a\000\040\000t\000h\036\351\000c}{section.0.2}% 12
\BOOKMARK [2][-]{subsection.0.2.4}{\376\377\000P\000h\000\351\000p\000\040\000t\000\355\000n\000h\000\040\001\021\036\241\000i\000\040\000s\036\321\000\040\000t\000r\000\352\000n\000\040\000h\000\340\000m}{section.0.2}% 13
\BOOKMARK [2][-]{subsection.0.2.5}{\376\377\000H\000\340\000m\000\040\000p\000h\000\342\000n\000\040\000t\000h\036\351\000c}{section.0.2}% 14
\BOOKMARK [2][-]{subsection.0.2.6}{\376\377\000P\000h\000\351\000p\000\040\000h\036\343\000p\000\040\000h\000a\000i\000\040\000h\000\340\000m\000\040\000s\036\321}{section.0.2}% 15
\BOOKMARK [2][-]{subsection.0.2.7}{\376\377\000N\000h\036\313\000\040\000t\000h\036\351\000c\000\040\000N\000i\000u\000-\000t\001\241\000n}{section.0.2}% 16
\BOOKMARK [2][-]{subsection.0.2.8}{\376\377\000H\000\340\000m\000\040\000s\036\321\000\040\000x\000\341\000c\000\040\001\021\036\313\000n\000h\000\040\000t\036\353\000n\000g\000\040\000p\000h\036\247\000n}{section.0.2}% 17
\BOOKMARK [1][-]{section.0.3}{\376\377\000S\036\321\000\040\036\243\000o\000\040\000v\000\340\000\040\000s\036\321\000\040\000p\000h\036\351\000c}{chapter.0}% 18
\BOOKMARK [0][-]{chapter.1}{\376\377\000C\001\241\000\040\000b\036\243\000n\000\040\000c\036\347\000a\000\040\000x\036\355\000\040\000l\000\355\000\040\000s\036\321\000\040\000l\000i\036\307\000u\000\040\000t\000r\000o\000n\000g\000\040\000v\036\255\000t\000\040\000l\000\355}{}% 19
\BOOKMARK [0][-]{chapter.2}{\376\377\000C\000h\000u\000y\036\303\000n\000\040\001\021\036\331\000n\000g}{}% 20
